0 info it worked if it ends with ok
1 verbose cli [ '/usr/local/bin/node', '/usr/local/bin/npm', 'start' ]
2 info using npm@3.5.3
3 info using node@v4.1.1
4 verbose run-script [ 'prestart', 'start', 'poststart' ]
5 info lifecycle bike_visual@0.0.0~prestart: bike_visual@0.0.0
6 silly lifecycle bike_visual@0.0.0~prestart: no script for prestart, continuing
7 info lifecycle bike_visual@0.0.0~start: bike_visual@0.0.0
8 verbose lifecycle bike_visual@0.0.0~start: unsafe-perm in lifecycle true
9 verbose lifecycle bike_visual@0.0.0~start: PATH: /usr/local/lib/node_modules/npm/bin/node-gyp-bin:/Users/csiu22/Documents/Persuasive_Cities/bike_visual/node_modules/.bin:/Users/csiu22/.rvm/gems/ruby-2.1.5/bin:/Users/csiu22/.rvm/gems/ruby-2.1.5@global/bin:/Users/csiu22/.rvm/rubies/ruby-2.1.5/bin:/usr/local/bin:/usr/bin:/bin:/usr/sbin:/sbin:/usr/local/git/bin:/opt/ImageMagick/bin:/Users/csiu22/.rvm/bin:/usr/local/sbin
10 verbose lifecycle bike_visual@0.0.0~start: CWD: /Users/csiu22/Documents/Persuasive_Cities/bike_visual
11 silly lifecycle bike_visual@0.0.0~start: Args: [ '-c', 'supervisor ./bin/www' ]
12 silly lifecycle bike_visual@0.0.0~start: Returned: code: 1  signal: null
13 info lifecycle bike_visual@0.0.0~start: Failed to exec start script
14 verbose stack Error: bike_visual@0.0.0 start: `supervisor ./bin/www`
14 verbose stack Exit status 1
14 verbose stack     at EventEmitter.<anonymous> (/usr/local/lib/node_modules/npm/lib/utils/lifecycle.js:232:16)
14 verbose stack     at emitTwo (events.js:87:13)
14 verbose stack     at EventEmitter.emit (events.js:172:7)
14 verbose stack     at ChildProcess.<anonymous> (/usr/local/lib/node_modules/npm/lib/utils/spawn.js:24:14)
14 verbose stack     at emitTwo (events.js:87:13)
14 verbose stack     at ChildProcess.emit (events.js:172:7)
14 verbose stack     at maybeClose (internal/child_process.js:817:16)
14 verbose stack     at Process.ChildProcess._handle.onexit (internal/child_process.js:211:5)
15 verbose pkgid bike_visual@0.0.0
16 verbose cwd /Users/csiu22/Documents/Persuasive_Cities/bike_visual
17 error Darwin 14.5.0
18 error argv "/usr/local/bin/node" "/usr/local/bin/npm" "start"
19 error node v4.1.1
20 error npm  v3.5.3
21 error code ELIFECYCLE
22 error bike_visual@0.0.0 start: `supervisor ./bin/www`
22 error Exit status 1
23 error Failed at the bike_visual@0.0.0 start script 'supervisor ./bin/www'.
23 error Make sure you have the latest version of node.js and npm installed.
23 error If you do, this is most likely a problem with the bike_visual package,
23 error not with npm itself.
23 error Tell the author that this fails on your system:
23 error     supervisor ./bin/www
23 error You can get information on how to open an issue for this project with:
23 error     npm bugs bike_visual
23 error Or if that isn't available, you can get their info via:
23 error     npm owner ls bike_visual
23 error There is likely additional logging output above.
24 verbose exit [ 1, true ]
